0 info it worked if it ends with ok
1 verbose cli [ '/Users/ivan.company/.nvm/versions/node/v6.14.4/bin/node',
1 verbose cli   '/Users/ivan.company/.nvm/versions/node/v6.14.4/bin/npm',
1 verbose cli   'run',
1 verbose cli   'dev' ]
2 info using npm@3.10.10
3 info using node@v6.14.4
4 verbose run-script [ 'predev', 'dev', 'postdev' ]
5 info lifecycle home-blog@1.0.0~predev: home-blog@1.0.0
6 silly lifecycle home-blog@1.0.0~predev: no script for predev, continuing
7 info lifecycle home-blog@1.0.0~dev: home-blog@1.0.0
8 verbose lifecycle home-blog@1.0.0~dev: unsafe-perm in lifecycle true
9 verbose lifecycle home-blog@1.0.0~dev: PATH: /Users/ivan.company/.nvm/versions/node/v6.14.4/lib/node_modules/npm/bin/node-gyp-bin:/Users/ivan.company/personal/home-blog/node_modules/.bin:/Users/ivan.company/flutter/bin:/Library/Frameworks/Python.framework/Versions/3.6/bin:/Library/Frameworks/Python.framework/Versions/3.7/bin:/Library/Frameworks/Python.framework/Versions/2.7/bin:/Users/ivan.company/.nvm/versions/node/v6.14.4/bin:/usr/local/bin:/usr/bin:/bin:/usr/sbin:/sbin:/opt/X11/bin:/usr/local/opt/fzf/bin
10 verbose lifecycle home-blog@1.0.0~dev: CWD: /Users/ivan.company/personal/home-blog
11 silly lifecycle home-blog@1.0.0~dev: Args: [ '-c', 'next' ]
12 silly lifecycle home-blog@1.0.0~dev: Returned: code: 1  signal: null
13 info lifecycle home-blog@1.0.0~dev: Failed to exec dev script
14 verbose stack Error: home-blog@1.0.0 dev: `next`
14 verbose stack Exit status 1
14 verbose stack     at EventEmitter.<anonymous> (/Users/ivan.company/.nvm/versions/node/v6.14.4/lib/node_modules/npm/lib/utils/lifecycle.js:255:16)
14 verbose stack     at emitTwo (events.js:106:13)
14 verbose stack     at EventEmitter.emit (events.js:191:7)
14 verbose stack     at ChildProcess.<anonymous> (/Users/ivan.company/.nvm/versions/node/v6.14.4/lib/node_modules/npm/lib/utils/spawn.js:40:14)
14 verbose stack     at emitTwo (events.js:106:13)
14 verbose stack     at ChildProcess.emit (events.js:191:7)
14 verbose stack     at maybeClose (internal/child_process.js:920:16)
14 verbose stack     at Process.ChildProcess._handle.onexit (internal/child_process.js:230:5)
15 verbose pkgid home-blog@1.0.0
16 verbose cwd /Users/ivan.company/personal/home-blog
17 error Darwin 18.7.0
18 error argv "/Users/ivan.company/.nvm/versions/node/v6.14.4/bin/node" "/Users/ivan.company/.nvm/versions/node/v6.14.4/bin/npm" "run" "dev"
19 error node v6.14.4
20 error npm  v3.10.10
21 error code ELIFECYCLE
22 error home-blog@1.0.0 dev: `next`
22 error Exit status 1
23 error Failed at the home-blog@1.0.0 dev script 'next'.
23 error Make sure you have the latest version of node.js and npm installed.
23 error If you do, this is most likely a problem with the home-blog package,
23 error not with npm itself.
23 error Tell the author that this fails on your system:
23 error     next
23 error You can get information on how to open an issue for this project with:
23 error     npm bugs home-blog
23 error Or if that isn't available, you can get their info via:
23 error     npm owner ls home-blog
23 error There is likely additional logging output above.
24 verbose exit [ 1, true ]
